=== YouTube Data Extraction Started at 2026-01-08 23:03:23.209741 ===

[2026-01-08 23:03:23] [INFO] ============================================================
[2026-01-08 23:03:23] [INFO] Starting YouTube metadata extraction
[2026-01-08 23:03:23] [INFO] ============================================================
[2026-01-08 23:03:23] [INFO] Found 41 unique channels
[2026-01-08 23:03:23] [INFO] Found 64 unique playlists
[2026-01-08 23:03:23] [INFO] Using cookies from: /Users/hacked/Documents/GitHub/recipes/youtube/www.youtube.com_cookies.txt
[2026-01-08 23:03:23] [INFO] 
[2026-01-08 23:03:23] [INFO] ============================================================
[2026-01-08 23:03:23] [INFO] PHASE 1: Extracting Channel Metadata
[2026-01-08 23:03:23] [INFO] ============================================================
[2026-01-08 23:03:23] [INFO] [1/41] Processing channel: https://www.youtube.com/@JKenjiLopezAlt
[2026-01-08 23:03:23] [INFO]   ✓ Using cached data for @JKenjiLopezAlt
[2026-01-08 23:03:23] [INFO]   ⏸  Sleeping 4.2s to avoid rate limiting...
[2026-01-08 23:03:27] [INFO] [2/41] Processing channel: https://www.youtube.com/@EthanChlebowski
[2026-01-08 23:03:27] [INFO]   ✓ Using cached data for @EthanChlebowski
[2026-01-08 23:03:27] [INFO]   ⏸  Sleeping 3.2s to avoid rate limiting...
[2026-01-08 23:03:30] [INFO] [3/41] Processing channel: https://www.youtube.com/@bingingwithbabish
[2026-01-08 23:03:30] [INFO]   ✓ Using cached data for @bingingwithbabish
[2026-01-08 23:03:30] [INFO]   ⏸  Sleeping 3.2s to avoid rate limiting...
[2026-01-08 23:03:34] [INFO] [4/41] Processing channel: https://www.youtube.com/@epicurious
[2026-01-08 23:03:34] [INFO]   ✓ Using cached data for @epicurious
[2026-01-08 23:03:34] [INFO]   ⏸  Sleeping 2.2s to avoid rate limiting...
[2026-01-08 23:03:36] [INFO] [5/41] Processing channel: https://www.youtube.com/@AmericasTestKitchen
[2026-01-08 23:03:37] [INFO]   ✓ Using cached data for @AmericasTestKitchen
[2026-01-08 23:03:37] [INFO]   ⏸  Sleeping 3.0s to avoid rate limiting...
[2026-01-08 23:03:40] [INFO] [6/41] Processing channel: https://www.youtube.com/@JoshuaWeissman
[2026-01-08 23:03:40] [INFO]   ✓ Using cached data for @JoshuaWeissman
[2026-01-08 23:03:40] [INFO]   ⏸  Sleeping 3.4s to avoid rate limiting...
[2026-01-08 23:03:43] [INFO] [7/41] Processing channel: https://www.youtube.com/@ChefJeanPierre
[2026-01-08 23:03:43] [INFO]   ✓ Using cached data for @ChefJeanPierre
[2026-01-08 23:03:43] [INFO]   ⏸  Sleeping 2.5s to avoid rate limiting...
[2026-01-08 23:03:46] [INFO] [8/41] Processing channel: https://www.youtube.com/@CSaffitz
[2026-01-08 23:03:46] [INFO]   ✓ Using cached data for @CSaffitz
[2026-01-08 23:03:46] [INFO]   ⏸  Sleeping 2.0s to avoid rate limiting...
[2026-01-08 23:03:48] [INFO] [9/41] Processing channel: https://www.youtube.com/@aragusea
[2026-01-08 23:03:48] [INFO]   → Fetching from YouTube: @aragusea...
[2026-01-08 23:33:02] [INFO]   ✓ Success: @aragusea (2,620,000 subscribers)
[2026-01-08 23:33:02] [INFO]   ⏸  Sleeping 4.1s to avoid rate limiting...
[2026-01-08 23:33:06] [INFO] [10/41] Processing channel: https://www.youtube.com/@chefsteps
[2026-01-08 23:33:06] [INFO]   → Fetching from YouTube: @chefsteps...
[2026-01-08 23:57:02] [INFO]   ✓ Success: @chefsteps (1,330,000 subscribers)
[2026-01-08 23:57:02] [INFO]   ⏸  Sleeping 4.7s to avoid rate limiting...
[2026-01-08 23:57:07] [INFO] [11/41] Processing channel: https://www.youtube.com/@nytcooking
[2026-01-08 23:57:07] [INFO]   → Fetching from YouTube: @nytcooking...
[2026-01-09 00:16:41] [INFO]   ✓ Success: @nytcooking (1,200,000 subscribers)
[2026-01-09 00:16:41] [INFO]   ⏸  Sleeping 3.9s to avoid rate limiting...
[2026-01-09 00:16:45] [INFO] [12/41] Processing channel: https://www.youtube.com/@AlvinKZhou
[2026-01-09 00:16:45] [INFO]   ✓ Using cached data for @AlvinKZhou
[2026-01-09 00:16:45] [INFO]   ⏸  Sleeping 3.1s to avoid rate limiting...
[2026-01-09 00:16:48] [INFO] [13/41] Processing channel: https://www.youtube.com/@foodandwine
[2026-01-09 00:16:48] [INFO]   ✓ Using cached data for @foodandwine
[2026-01-09 00:16:48] [INFO]   ⏸  Sleeping 3.3s to avoid rate limiting...
[2026-01-09 00:16:52] [INFO] [14/41] Processing channel: https://www.youtube.com/@lapatededom
[2026-01-09 00:16:52] [INFO]   ✓ Using cached data for @lapatededom
[2026-01-09 00:16:52] [INFO]   ⏸  Sleeping 3.2s to avoid rate limiting...
[2026-01-09 00:16:55] [INFO] [15/41] Processing channel: https://www.youtube.com/@MrMakeItHappen
[2026-01-09 00:16:55] [INFO]   ✓ Using cached data for @MrMakeItHappen
[2026-01-09 00:16:55] [INFO]   ⏸  Sleeping 4.7s to avoid rate limiting...
[2026-01-09 00:17:00] [INFO] [16/41] Processing channel: https://www.youtube.com/@NoWayJoseCuisine
[2026-01-09 00:17:00] [INFO]   ✓ Using cached data for @NoWayJoseCuisine
[2026-01-09 00:17:00] [INFO]   ⏸  Sleeping 3.0s to avoid rate limiting...
[2026-01-09 00:17:03] [INFO] [17/41] Processing channel: https://www.youtube.com/@oldscoolkevmo
[2026-01-09 00:17:03] [INFO]   ✓ Using cached data for @oldscoolkevmo
[2026-01-09 00:17:03] [INFO]   ⏸  Sleeping 3.2s to avoid rate limiting...
[2026-01-09 00:17:06] [INFO] [18/41] Processing channel: https://www.youtube.com/@Oliviatieds
[2026-01-09 00:17:06] [INFO]   ✓ Using cached data for @Oliviatieds
[2026-01-09 00:17:06] [INFO]   ⏸  Sleeping 2.8s to avoid rate limiting...
[2026-01-09 00:17:09] [INFO] [19/41] Processing channel: https://www.youtube.com/@omletpro9356
[2026-01-09 00:17:09] [INFO]   ✓ Using cached data for @omletpro9356
[2026-01-09 00:17:09] [INFO]   ⏸  Sleeping 2.8s to avoid rate limiting...
[2026-01-09 00:17:12] [INFO] [20/41] Processing channel: https://www.youtube.com/@Omuricedaily
[2026-01-09 00:17:12] [INFO]   ✓ Using cached data for @Omuricedaily
[2026-01-09 00:17:12] [INFO]   ⏸  Sleeping 3.6s to avoid rate limiting...
[2026-01-09 00:17:15] [INFO] [21/41] Processing channel: https://www.youtube.com/@owen
[2026-01-09 00:17:15] [INFO]   → Fetching from YouTube: @owen...
[2026-01-09 00:17:16] [ERROR]   ✗ Failed: @owen - ERROR: [youtube:tab] @owen: This channel does not have a videos tab
[2026-01-09 00:17:16] [INFO]   ⏸  Sleeping 3.7s to avoid rate limiting...
[2026-01-09 00:17:20] [INFO] [22/41] Processing channel: https://www.youtube.com/@pepperbellypete
[2026-01-09 00:17:20] [INFO]   ✓ Using cached data for @pepperbellypete
[2026-01-09 00:17:20] [INFO]   ⏸  Sleeping 4.6s to avoid rate limiting...
[2026-01-09 00:17:24] [INFO] [23/41] Processing channel: https://www.youtube.com/@PressureLuck
[2026-01-09 00:17:25] [INFO]   ✓ Using cached data for @PressureLuck
[2026-01-09 00:17:25] [INFO]   ⏸  Sleeping 3.4s to avoid rate limiting...
[2026-01-09 00:17:29] [INFO] [24/41] Processing channel: https://www.youtube.com/@ProtoCookswithChefFrank
[2026-01-09 00:17:29] [INFO]   ✓ Using cached data for @ProtoCookswithChefFrank
[2026-01-09 00:17:29] [INFO]   ⏸  Sleeping 4.2s to avoid rate limiting...
[2026-01-09 00:17:33] [INFO] [25/41] Processing channel: https://www.youtube.com/@ProofBread
[2026-01-09 00:17:33] [INFO]   ✓ Using cached data for @ProofBread
[2026-01-09 00:17:33] [INFO]   ⏸  Sleeping 4.7s to avoid rate limiting...
[2026-01-09 00:17:38] [INFO] [26/41] Processing channel: https://www.youtube.com/@ralphknowsfood
[2026-01-09 00:17:38] [INFO]   ✓ Using cached data for @ralphknowsfood
[2026-01-09 00:17:38] [INFO]   ⏸  Sleeping 4.8s to avoid rate limiting...
[2026-01-09 00:17:42] [INFO] [27/41] Processing channel: https://www.youtube.com/@Ralphthebaker
[2026-01-09 00:17:42] [INFO]   ✓ Using cached data for @Ralphthebaker
[2026-01-09 00:17:42] [INFO]   ⏸  Sleeping 4.1s to avoid rate limiting...
[2026-01-09 00:17:47] [INFO] [28/41] Processing channel: https://www.youtube.com/@rickbayless
[2026-01-09 00:17:47] [INFO]   ✓ Using cached data for @rickbayless
[2026-01-09 00:17:47] [INFO]   ⏸  Sleeping 2.5s to avoid rate limiting...
[2026-01-09 00:17:49] [INFO] [29/41] Processing channel: https://www.youtube.com/@SauccEats
[2026-01-09 00:17:49] [INFO]   ✓ Using cached data for @SauccEats
[2026-01-09 00:17:49] [INFO]   ⏸  Sleeping 4.0s to avoid rate limiting...
[2026-01-09 00:17:53] [INFO] [30/41] Processing channel: https://www.youtube.com/@SenyaiGrubs
[2026-01-09 00:17:53] [INFO]   ✓ Using cached data for @SenyaiGrubs
[2026-01-09 00:17:53] [INFO]   ⏸  Sleeping 3.5s to avoid rate limiting...
[2026-01-09 00:17:57] [INFO] [31/41] Processing channel: https://www.youtube.com/@SipandFeast
[2026-01-09 00:17:57] [INFO]   ✓ Using cached data for @SipandFeast
[2026-01-09 00:17:57] [INFO]   ⏸  Sleeping 3.1s to avoid rate limiting...
[2026-01-09 00:18:00] [INFO] [32/41] Processing channel: https://www.youtube.com/@SortedFood
[2026-01-09 00:18:01] [INFO]   ✓ Using cached data for @SortedFood
[2026-01-09 00:18:01] [INFO]   ⏸  Sleeping 5.0s to avoid rate limiting...
[2026-01-09 00:18:06] [INFO] [33/41] Processing channel: https://www.youtube.com/@SousVideEverything
[2026-01-09 00:18:06] [INFO]   ✓ Using cached data for @SousVideEverything
[2026-01-09 00:18:06] [INFO]   ⏸  Sleeping 4.7s to avoid rate limiting...
[2026-01-09 00:18:10] [INFO] [34/41] Processing channel: https://www.youtube.com/@southworth_sourdough
[2026-01-09 00:18:10] [INFO]   ✓ Using cached data for @southworth_sourdough
[2026-01-09 00:18:10] [INFO]   ⏸  Sleeping 3.5s to avoid rate limiting...
[2026-01-09 00:18:14] [INFO] [35/41] Processing channel: https://www.youtube.com/@TasteShow
[2026-01-09 00:18:14] [INFO]   ✓ Using cached data for @TasteShow
[2026-01-09 00:18:14] [INFO]   ⏸  Sleeping 3.1s to avoid rate limiting...
[2026-01-09 00:18:17] [INFO] [36/41] Processing channel: https://www.youtube.com/@TastingHistory
[2026-01-09 00:18:17] [INFO]   ✓ Using cached data for @TastingHistory
[2026-01-09 00:18:17] [INFO]   ⏸  Sleeping 2.3s to avoid rate limiting...
[2026-01-09 00:18:20] [INFO] [37/41] Processing channel: https://www.youtube.com/@thatdudecancook
[2026-01-09 00:18:21] [INFO]   ✓ Using cached data for @thatdudecancook
[2026-01-09 00:18:21] [INFO]   ⏸  Sleeping 3.9s to avoid rate limiting...
[2026-01-09 00:18:24] [INFO] [38/41] Processing channel: https://www.youtube.com/@ThyThan_sweetrecipes
[2026-01-09 00:18:24] [INFO]   ✓ Using cached data for @ThyThan_sweetrecipes
[2026-01-09 00:18:25] [INFO]   ⏸  Sleeping 2.8s to avoid rate limiting...
[2026-01-09 00:18:27] [INFO] [39/41] Processing channel: https://www.youtube.com/@UnqualifiedCooking
[2026-01-09 00:18:27] [INFO]   ✓ Using cached data for @UnqualifiedCooking
[2026-01-09 00:18:27] [INFO]   ⏸  Sleeping 3.7s to avoid rate limiting...
[2026-01-09 00:18:31] [INFO] [40/41] Processing channel: https://www.youtube.com/@yiminglin_
[2026-01-09 00:18:31] [INFO]   ✓ Using cached data for @yiminglin_
[2026-01-09 00:18:31] [INFO]   ⏸  Sleeping 4.9s to avoid rate limiting...
[2026-01-09 00:18:36] [INFO] [41/41] Processing channel: https://www.youtube.com/@yousuckatcooking
[2026-01-09 00:18:36] [INFO]   ✓ Using cached data for @yousuckatcooking
[2026-01-09 00:18:36] [INFO] 
[2026-01-09 00:18:36] [INFO] ============================================================
[2026-01-09 00:18:36] [INFO] PHASE 2: Extracting Playlist Metadata
[2026-01-09 00:18:36] [INFO] ============================================================
[2026-01-09 00:18:36] [INFO] [1/64] Processing playlist: https://www.youtube.com/playlist?list=PLz3-p2q6vFYWzmnkvjYWF3vnxckIRNYEH
[2026-01-09 00:18:36] [INFO]   ✓ Using cached data for playlist PLz3-p2q6vFYWzmnkvjYWF3vnxckIRNYEH (85 videos)
[2026-01-09 00:18:36] [INFO]   ⏸  Sleeping 4.8s to avoid rate limiting...
[2026-01-09 00:18:41] [INFO] [2/64] Processing playlist: https://www.youtube.com/playlist?list=PLz3-p2q6vFYVmozlsVcX7egMe1Co9aiG0
[2026-01-09 00:18:41] [INFO]   ✓ Using cached data for playlist PLz3-p2q6vFYVmozlsVcX7egMe1Co9aiG0 (6 videos)
[2026-01-09 00:18:41] [INFO]   ⏸  Sleeping 4.7s to avoid rate limiting...
[2026-01-09 00:18:46] [INFO] [3/64] Processing playlist: https://www.youtube.com/playlist?list=PLXonhhg5tUSJuH6YK5UNOoT_I8TC5Sx_h
[2026-01-09 00:18:46] [INFO]   ✓ Using cached data for playlist PLXonhhg5tUSJuH6YK5UNOoT_I8TC5Sx_h (53 videos)
[2026-01-09 00:18:46] [INFO]   ⏸  Sleeping 3.7s to avoid rate limiting...
[2026-01-09 00:18:49] [INFO] [4/64] Processing playlist: https://www.youtube.com/playlist?list=PLuNV04yfCmf_1DzUO7MMlQmxhvCvNIjpw
[2026-01-09 00:18:49] [INFO]   → Fetching from YouTube: playlist PLuNV04yfCmf_1DzUO7MMlQmxhvCvNIjpw...
[2026-01-09 00:21:22] [INFO]   ✓ Success: PLuNV04yfCmf_1DzUO7MMlQmxhvCvNIjpw - "MinuteFood" (64 videos)
[2026-01-09 00:21:22] [INFO]   ⏸  Sleeping 2.0s to avoid rate limiting...
[2026-01-09 00:21:24] [INFO] [5/64] Processing playlist: https://www.youtube.com/playlist?list=PL-tYKWQOe4YNhiOsZjaf2K_XgqMkeJiQy
[2026-01-09 00:21:24] [INFO]   → Fetching from YouTube: playlist PL-tYKWQOe4YNhiOsZjaf2K_XgqMkeJiQy...
[2026-01-09 00:23:37] [INFO]   ✓ Success: PL-tYKWQOe4YNhiOsZjaf2K_XgqMkeJiQy - "Recipes you'll actually make." (50 videos)
[2026-01-09 00:23:37] [INFO]   ⏸  Sleeping 3.2s to avoid rate limiting...
[2026-01-09 00:23:40] [INFO] [6/64] Processing playlist: https://www.youtube.com/playlist?list=PL-tYKWQOe4YPD-3_PD8u5impmhWj6jrNs
[2026-01-09 00:23:40] [INFO]   → Fetching from YouTube: playlist PL-tYKWQOe4YPD-3_PD8u5impmhWj6jrNs...
[2026-01-09 00:24:20] [INFO]   ✓ Success: PL-tYKWQOe4YPD-3_PD8u5impmhWj6jrNs - "Home Cooking Frameworks" (14 videos)
[2026-01-09 00:24:20] [INFO]   ⏸  Sleeping 4.8s to avoid rate limiting...
[2026-01-09 00:24:25] [INFO] [7/64] Processing playlist: https://www.youtube.com/playlist?list=PLnbzopdwFrnbt5uZx46gvyskyu41z7hlQ
[2026-01-09 00:24:25] [INFO]   → Fetching from YouTube: playlist PLnbzopdwFrnbt5uZx46gvyskyu41z7hlQ...
[2026-01-09 00:29:25] [INFO]   ✓ Success: PLnbzopdwFrnbt5uZx46gvyskyu41z7hlQ - "Gear Heads | America's Test Kitchen" (122 videos)
[2026-01-09 00:29:25] [INFO]   ⏸  Sleeping 2.2s to avoid rate limiting...
[2026-01-09 00:29:27] [INFO] [8/64] Processing playlist: https://www.youtube.com/playlist?list=PLnbzopdwFrnZc-UgGYETAQair7VzS7_Z8
[2026-01-09 00:29:27] [INFO]   → Fetching from YouTube: playlist PLnbzopdwFrnZc-UgGYETAQair7VzS7_Z8...
[2026-01-09 00:34:39] [INFO]   ✓ Success: PLnbzopdwFrnZc-UgGYETAQair7VzS7_Z8 - "What's Eating Dan? with Dan Souza | America's Test Kitchen" (125 videos)
[2026-01-09 00:34:39] [INFO]   ⏸  Sleeping 3.0s to avoid rate limiting...
[2026-01-09 00:34:42] [INFO] [9/64] Processing playlist: https://www.youtube.com/playlist?list=PL4WiRZw8bmXt9q1_5MhZWqfhIdFg3eINH
[2026-01-09 00:34:42] [INFO]   → Fetching from YouTube: playlist PL4WiRZw8bmXt9q1_5MhZWqfhIdFg3eINH...
[2026-01-09 00:36:54] [INFO]   ✓ Success: PL4WiRZw8bmXt9q1_5MhZWqfhIdFg3eINH - "But Cheaper" (59 videos)
[2026-01-09 00:36:54] [INFO]   ⏸  Sleeping 2.5s to avoid rate limiting...
[2026-01-09 00:36:57] [INFO] [10/64] Processing playlist: https://www.youtube.com/playlist?list=PLopY4n17t8RBbvz-Z1XmMIHohNn7oTeRj
[2026-01-09 00:36:57] [INFO]   → Fetching from YouTube: playlist PLopY4n17t8RBbvz-Z1XmMIHohNn7oTeRj...
[2026-01-09 00:38:09] [INFO]   ✓ Success: PLopY4n17t8RBbvz-Z1XmMIHohNn7oTeRj - "Anything With Alvin" (31 videos)
[2026-01-09 00:38:09] [INFO]   ⏸  Sleeping 3.2s to avoid rate limiting...
[2026-01-09 00:38:12] [INFO] [11/64] Processing playlist: https://www.youtube.com/playlist?list=PLopY4n17t8RD-xx0UdVqemiSa0sRfyX19
[2026-01-09 00:38:12] [INFO]   → Fetching from YouTube: playlist PLopY4n17t8RD-xx0UdVqemiSa0sRfyX19...
[2026-01-09 00:38:51] [INFO]   ✓ Success: PLopY4n17t8RD-xx0UdVqemiSa0sRfyX19 - "Basics with Babish: Season 1" (16 videos)
[2026-01-09 00:38:51] [INFO]   ⏸  Sleeping 2.1s to avoid rate limiting...
[2026-01-09 00:38:53] [INFO] [12/64] Processing playlist: https://www.youtube.com/playlist?list=PLopY4n17t8RA8Ex9gJC4gLHA0YkOEdZ-b
[2026-01-09 00:38:53] [INFO]   → Fetching from YouTube: playlist PLopY4n17t8RA8Ex9gJC4gLHA0YkOEdZ-b...
[2026-01-09 00:40:05] [INFO]   ✓ Success: PLopY4n17t8RA8Ex9gJC4gLHA0YkOEdZ-b - "Basics with Babish : Season 2" (31 videos)
[2026-01-09 00:40:05] [INFO]   ⏸  Sleeping 4.8s to avoid rate limiting...
[2026-01-09 00:40:09] [INFO] [13/64] Processing playlist: https://www.youtube.com/playlist?list=PLiP3qHye95hJXGfkzYfqHNr7YP2HdmFji
[2026-01-09 00:40:09] [INFO]   → Fetching from YouTube: playlist PLiP3qHye95hJXGfkzYfqHNr7YP2HdmFji...
[2026-01-09 00:40:49] [INFO]   ✓ Success: PLiP3qHye95hJXGfkzYfqHNr7YP2HdmFji - "Andrew Cooks A Lot Of One Ingredient" (14 videos)
[2026-01-09 00:40:49] [INFO]   ⏸  Sleeping 4.0s to avoid rate limiting...
[2026-01-09 00:40:53] [INFO] [14/64] Processing playlist: https://www.youtube.com/playlist?list=PL27g6IEJHIt6YXbrhRuDlkr9zzIukEhyw
[2026-01-09 00:40:53] [INFO]   → Fetching from YouTube: playlist PL27g6IEJHIt6YXbrhRuDlkr9zzIukEhyw...
[2026-01-09 00:43:08] [INFO]   ✓ Success: PL27g6IEJHIt6YXbrhRuDlkr9zzIukEhyw - "good soup" (56 videos)
[2026-01-09 00:43:08] [INFO]   ⏸  Sleeping 5.0s to avoid rate limiting...
[2026-01-09 00:43:13] [INFO] [15/64] Processing playlist: https://www.youtube.com/playlist?list=PLW3uUMYCug-92wsdBkIuPaxRj2Ftj7qCo
[2026-01-09 00:43:13] [INFO]   → Fetching from YouTube: playlist PLW3uUMYCug-92wsdBkIuPaxRj2Ftj7qCo...
[2026-01-09 00:43:54] [INFO]   ✓ Success: PLW3uUMYCug-92wsdBkIuPaxRj2Ftj7qCo - "Recipe Videos" (19 videos)
[2026-01-09 00:43:54] [INFO]   ⏸  Sleeping 2.2s to avoid rate limiting...
[2026-01-09 00:43:56] [INFO] [16/64] Processing playlist: https://www.youtube.com/playlist?list=PLURsDaOr8hWX1T2WSXhPwL110La-GxjYY
[2026-01-09 00:43:56] [INFO]   → Fetching from YouTube: playlist PLURsDaOr8hWX1T2WSXhPwL110La-GxjYY...
[2026-01-09 00:44:26] [INFO]   ✓ Success: PLURsDaOr8hWX1T2WSXhPwL110La-GxjYY - "Mother Sauces" (12 videos)
[2026-01-09 00:44:26] [INFO]   ⏸  Sleeping 3.8s to avoid rate limiting...
[2026-01-09 00:44:30] [INFO] [17/64] Processing playlist: https://www.youtube.com/playlist?list=PLURsDaOr8hWUl0Kli7wG74qhtIXGTHHhZ
[2026-01-09 00:44:30] [INFO]   → Fetching from YouTube: playlist PLURsDaOr8hWUl0Kli7wG74qhtIXGTHHhZ...
[2026-01-09 00:44:42] [INFO]   ✓ Success: PLURsDaOr8hWUl0Kli7wG74qhtIXGTHHhZ - "Perfect Neapolitan Pizza At Home (Vol. 2)" (4 videos)
[2026-01-09 00:44:42] [INFO]   ⏸  Sleeping 3.8s to avoid rate limiting...
[2026-01-09 00:44:46] [INFO] [18/64] Processing playlist: https://www.youtube.com/playlist?list=PLURsDaOr8hWWt59j2IJlPADnmU6SS-tEk
[2026-01-09 00:44:46] [INFO]   ✓ Using cached data for playlist PLURsDaOr8hWWt59j2IJlPADnmU6SS-tEk (9 videos)
[2026-01-09 00:44:46] [INFO]   ⏸  Sleeping 4.3s to avoid rate limiting...
[2026-01-09 00:44:50] [INFO] [19/64] Processing playlist: https://www.youtube.com/playlist?list=PLT4OnqcBgyE9Yv7slz_Kg9hU8adWuYaCz
[2026-01-09 00:44:50] [INFO]   → Fetching from YouTube: playlist PLT4OnqcBgyE9Yv7slz_Kg9hU8adWuYaCz...
[2026-01-09 00:46:11] [INFO]   ✓ Success: PLT4OnqcBgyE9Yv7slz_Kg9hU8adWuYaCz - "Noel Cooks (Easy Meals)" (36 videos)
[2026-01-09 00:46:11] [INFO]   ⏸  Sleeping 3.1s to avoid rate limiting...
[2026-01-09 00:46:14] [INFO] [20/64] Processing playlist: https://www.youtube.com/playlist?list=PLSL8Njz6ML7AqqhKWCaDVL43aM_ABr6YU
[2026-01-09 00:46:14] [INFO]   → Fetching from YouTube: playlist PLSL8Njz6ML7AqqhKWCaDVL43aM_ABr6YU...
[2026-01-09 00:47:27] [INFO]   ✓ Success: PLSL8Njz6ML7AqqhKWCaDVL43aM_ABr6YU - "Good Eats" (36 videos)
[2026-01-09 00:47:27] [INFO]   ⏸  Sleeping 4.4s to avoid rate limiting...
[2026-01-09 00:47:32] [INFO] [21/64] Processing playlist: https://www.youtube.com/playlist?list=PLtKhTy-t6gAgJ68_kv7O2GOYM_ZrfRGVI
[2026-01-09 00:47:32] [INFO]   ✓ Using cached data for playlist PLtKhTy-t6gAgJ68_kv7O2GOYM_ZrfRGVI (18 videos)
[2026-01-09 00:47:32] [INFO]   ⏸  Sleeping 4.8s to avoid rate limiting...
[2026-01-09 00:47:36] [INFO] [22/64] Processing playlist: https://www.youtube.com/playlist?list=PLdGX7ca5nf2xx-nx3MX6A7tFG5hYuHsF9
[2026-01-09 00:47:36] [INFO]   → Fetching from YouTube: playlist PLdGX7ca5nf2xx-nx3MX6A7tFG5hYuHsF9...
[2026-01-09 00:47:58] [INFO]   ✓ Success: PLdGX7ca5nf2xx-nx3MX6A7tFG5hYuHsF9 - "Beginner BBQ Guides" (8 videos)
[2026-01-09 00:47:58] [INFO]   ⏸  Sleeping 3.6s to avoid rate limiting...
[2026-01-09 00:48:01] [INFO] [23/64] Processing playlist: https://www.youtube.com/playlist?list=PLKtIunYVkv_RfNmjLUZmnhtfypjTKI2QV
[2026-01-09 00:48:01] [INFO]   → Fetching from YouTube: playlist PLKtIunYVkv_RfNmjLUZmnhtfypjTKI2QV...
[2026-01-09 00:48:20] [INFO]   ✓ Success: PLKtIunYVkv_RfNmjLUZmnhtfypjTKI2QV - "Almost Every" (9 videos)
[2026-01-09 00:48:20] [INFO]   ⏸  Sleeping 2.9s to avoid rate limiting...
[2026-01-09 00:48:23] [INFO] [24/64] Processing playlist: https://www.youtube.com/playlist?list=PLKtIunYVkv_SdmU4BQP6-kprFmko3vdr1
[2026-01-09 00:48:23] [INFO]   → Fetching from YouTube: playlist PLKtIunYVkv_SdmU4BQP6-kprFmko3vdr1...
[2026-01-09 00:49:53] [INFO]   ✓ Success: PLKtIunYVkv_SdmU4BQP6-kprFmko3vdr1 - "From the Home Kitchen" (49 videos)
[2026-01-09 00:49:53] [INFO]   ⏸  Sleeping 2.7s to avoid rate limiting...
[2026-01-09 00:49:55] [INFO] [25/64] Processing playlist: https://www.youtube.com/playlist?list=PL_f8scwrXT8t1Loa0yYWRejNb2JWJxOnb
[2026-01-09 00:49:55] [INFO]   → Fetching from YouTube: playlist PL_f8scwrXT8t1Loa0yYWRejNb2JWJxOnb...
[2026-01-09 00:50:31] [INFO]   ✓ Success: PL_f8scwrXT8t1Loa0yYWRejNb2JWJxOnb - "Tacos | Brian Lagerstrom Taco Series" (19 videos)
[2026-01-09 00:50:31] [INFO]   ⏸  Sleeping 4.4s to avoid rate limiting...
[2026-01-09 00:50:35] [INFO] [26/64] Processing playlist: https://www.youtube.com/playlist?list=PL_f8scwrXT8ut7l5Pu8x-YbWsLGo1uWsx
[2026-01-09 00:50:35] [INFO]   → Fetching from YouTube: playlist PL_f8scwrXT8ut7l5Pu8x-YbWsLGo1uWsx...
[2026-01-09 00:51:31] [INFO]   ✓ Success: PL_f8scwrXT8ut7l5Pu8x-YbWsLGo1uWsx - "Pasta | Brian Lagerstrom" (31 videos)
[2026-01-09 00:51:31] [INFO]   ⏸  Sleeping 2.4s to avoid rate limiting...
[2026-01-09 00:51:34] [INFO] [27/64] Processing playlist: https://www.youtube.com/playlist?list=PL_f8scwrXT8s4xDGNGLKbSPd2AF6p__HU
[2026-01-09 00:51:34] [INFO]   → Fetching from YouTube: playlist PL_f8scwrXT8s4xDGNGLKbSPd2AF6p__HU...
[2026-01-09 00:52:39] [INFO]   ✓ Success: PL_f8scwrXT8s4xDGNGLKbSPd2AF6p__HU - "Desserts and Sweet Treats | Brian Lagerstrom" (36 videos)
[2026-01-09 00:52:39] [INFO]   ⏸  Sleeping 2.4s to avoid rate limiting...
[2026-01-09 00:52:41] [INFO] [28/64] Processing playlist: https://www.youtube.com/playlist?list=PLJ97q0PY0sXIsruFWikQ6gKmtFHHviKa8
[2026-01-09 00:52:41] [INFO]   → Fetching from YouTube: playlist PLJ97q0PY0sXIsruFWikQ6gKmtFHHviKa8...
[2026-01-09 00:54:48] [INFO]   ✓ Success: PLJ97q0PY0sXIsruFWikQ6gKmtFHHviKa8 - "Basic Dough" (72 videos)
[2026-01-09 00:54:48] [INFO]   ⏸  Sleeping 4.4s to avoid rate limiting...
[2026-01-09 00:54:52] [INFO] [29/64] Processing playlist: https://www.youtube.com/playlist?list=PLJ97q0PY0sXJRd6dIwL3PSFGcuUjIubze
[2026-01-09 00:54:52] [INFO]   → Fetching from YouTube: playlist PLJ97q0PY0sXJRd6dIwL3PSFGcuUjIubze...
[2026-01-09 00:56:43] [INFO]   ✓ Success: PLJ97q0PY0sXJRd6dIwL3PSFGcuUjIubze - "Enriched Dough" (63 videos)
[2026-01-09 00:56:43] [INFO]   ⏸  Sleeping 3.6s to avoid rate limiting...
[2026-01-09 00:56:47] [INFO] [30/64] Processing playlist: https://www.youtube.com/playlist?list=PLnujfCpADfgfyYRp4Jksr3wNoqyrypKug
[2026-01-09 00:56:47] [INFO]   → Fetching from YouTube: playlist PLnujfCpADfgfyYRp4Jksr3wNoqyrypKug...
[2026-01-09 00:57:06] [INFO]   ✓ Success: PLnujfCpADfgfyYRp4Jksr3wNoqyrypKug - "BREAKFAST RECIPES" (9 videos)
[2026-01-09 00:57:06] [INFO]   ⏸  Sleeping 3.5s to avoid rate limiting...
[2026-01-09 00:57:09] [INFO] [31/64] Processing playlist: https://www.youtube.com/playlist?list=PLnujfCpADfgepMC4L4foc3ejkMIZNdw4C
[2026-01-09 00:57:09] [INFO]   → Fetching from YouTube: playlist PLnujfCpADfgepMC4L4foc3ejkMIZNdw4C...
[2026-01-09 00:57:54] [INFO]   ✓ Success: PLnujfCpADfgepMC4L4foc3ejkMIZNdw4C - "COOKING ESSENTIALS" (23 videos)
[2026-01-09 00:57:54] [INFO]   ⏸  Sleeping 3.1s to avoid rate limiting...
[2026-01-09 00:57:57] [INFO] [32/64] Processing playlist: https://www.youtube.com/playlist?list=PLny_wEI6iwNepU6GUWbxTVQv10erdzu38
[2026-01-09 00:57:57] [INFO]   → Fetching from YouTube: playlist PLny_wEI6iwNepU6GUWbxTVQv10erdzu38...
[2026-01-09 00:58:17] [INFO]   ✓ Success: PLny_wEI6iwNepU6GUWbxTVQv10erdzu38 - "Easy to Epic: Quick and Easy Recipes | ChefSteps" (10 videos)
[2026-01-09 00:58:17] [INFO]   ⏸  Sleeping 2.7s to avoid rate limiting...
[2026-01-09 00:58:19] [INFO] [33/64] Processing playlist: https://www.youtube.com/playlist?list=PLny_wEI6iwNcO1sA_HJz1nX34aLcap-a9
[2026-01-09 00:58:19] [INFO]   → Fetching from YouTube: playlist PLny_wEI6iwNcO1sA_HJz1nX34aLcap-a9...
[2026-01-09 00:59:08] [INFO]   ✓ Success: PLny_wEI6iwNcO1sA_HJz1nX34aLcap-a9 - "Baking Recipes" (27 videos)
[2026-01-09 00:59:08] [INFO]   ⏸  Sleeping 4.2s to avoid rate limiting...
[2026-01-09 00:59:12] [INFO] [34/64] Processing playlist: https://www.youtube.com/playlist?list=PLwkM1QxaP343snKhk9XwJ3luHrEfYW5_z
[2026-01-09 00:59:12] [INFO]   → Fetching from YouTube: playlist PLwkM1QxaP343snKhk9XwJ3luHrEfYW5_z...
[2026-01-09 01:00:12] [INFO]   ✓ Success: PLwkM1QxaP343snKhk9XwJ3luHrEfYW5_z - "🍳 cooking" (32 videos)
[2026-01-09 01:00:12] [INFO]   ⏸  Sleeping 5.0s to avoid rate limiting...
[2026-01-09 01:00:17] [INFO] [35/64] Processing playlist: https://www.youtube.com/playlist?list=PLIDg5kgCr25pXjvEJmr2z8x7OSQcFsfRr
[2026-01-09 01:00:17] [INFO]   → Fetching from YouTube: playlist PLIDg5kgCr25pXjvEJmr2z8x7OSQcFsfRr...
[2026-01-09 01:00:44] [INFO]   ✓ Success: PLIDg5kgCr25pXjvEJmr2z8x7OSQcFsfRr - "STUPID SIMPLE - Meal Prep" (14 videos)
[2026-01-09 01:00:44] [INFO]   ⏸  Sleeping 3.7s to avoid rate limiting...
[2026-01-09 01:00:48] [INFO] [36/64] Processing playlist: https://www.youtube.com/playlist?list=PLJUJUu14xBI7Oq1SVTk0YPbF5YfdrXK6j
[2026-01-09 01:00:48] [INFO]   → Fetching from YouTube: playlist PLJUJUu14xBI7Oq1SVTk0YPbF5YfdrXK6j...
[2026-01-09 01:03:51] [INFO]   ✓ Success: PLJUJUu14xBI7Oq1SVTk0YPbF5YfdrXK6j - "Recipes and Tips" (104 videos)
[2026-01-09 01:03:51] [INFO]   ⏸  Sleeping 3.8s to avoid rate limiting...
[2026-01-09 01:03:55] [INFO] [37/64] Processing playlist: https://www.youtube.com/playlist?list=PLVe6l8TfKaVyiynOU0J5A4hMTyhHYrpWO
[2026-01-09 01:03:55] [INFO]   → Fetching from YouTube: playlist PLVe6l8TfKaVyiynOU0J5A4hMTyhHYrpWO...
[2026-01-09 01:07:24] [INFO]   ✓ Success: PLVe6l8TfKaVyiynOU0J5A4hMTyhHYrpWO - "Cook With Me!" (104 videos)
[2026-01-09 01:07:24] [INFO]   ⏸  Sleeping 4.5s to avoid rate limiting...
[2026-01-09 01:07:29] [INFO] [38/64] Processing playlist: https://www.youtube.com/playlist?list=PLrnJPSRo4jRjNlyjVZiS4SPT0CQkPQb0O
[2026-01-09 01:07:29] [INFO]   → Fetching from YouTube: playlist PLrnJPSRo4jRjNlyjVZiS4SPT0CQkPQb0O...
[2026-01-09 01:08:37] [INFO]   ✓ Success: PLrnJPSRo4jRjNlyjVZiS4SPT0CQkPQb0O - "Dinner" (33 videos)
[2026-01-09 01:08:37] [INFO]   ⏸  Sleeping 4.8s to avoid rate limiting...
[2026-01-09 01:08:42] [INFO] [39/64] Processing playlist: https://www.youtube.com/playlist?list=PLhZqgyAjcCYVcVXtPNDcXXE-Wy3rbqmom
[2026-01-09 01:08:42] [INFO]   → Fetching from YouTube: playlist PLhZqgyAjcCYVcVXtPNDcXXE-Wy3rbqmom...
[2026-01-09 01:11:47] [INFO]   ✓ Success: PLhZqgyAjcCYVcVXtPNDcXXE-Wy3rbqmom - "Recipe Compilations" (75 videos)
[2026-01-09 01:11:47] [INFO]   ⏸  Sleeping 4.0s to avoid rate limiting...
[2026-01-09 01:11:51] [INFO] [40/64] Processing playlist: https://www.youtube.com/playlist?list=PLjxA4hnZ1E3pnweOrKW0oKAgaoM4w6rYT
[2026-01-09 01:11:51] [INFO]   → Fetching from YouTube: playlist PLjxA4hnZ1E3pnweOrKW0oKAgaoM4w6rYT...
[2026-01-09 01:12:33] [INFO]   ✓ Success: PLjxA4hnZ1E3pnweOrKW0oKAgaoM4w6rYT - "Asian flavours" (21 videos)
[2026-01-09 01:12:33] [INFO]   ⏸  Sleeping 3.2s to avoid rate limiting...
[2026-01-09 01:12:36] [INFO] [41/64] Processing playlist: https://www.youtube.com/playlist?list=PLuA0obhVH6CdZbtbrpaY3jkbn0E1JD2E3
[2026-01-09 01:12:36] [INFO]   → Fetching from YouTube: playlist PLuA0obhVH6CdZbtbrpaY3jkbn0E1JD2E3...
[2026-01-09 01:15:53] [INFO]   ✓ Success: PLuA0obhVH6CdZbtbrpaY3jkbn0E1JD2E3 - "TASTY MAIN DISHES" (78 videos)
[2026-01-09 01:15:53] [INFO]   ⏸  Sleeping 2.1s to avoid rate limiting...
[2026-01-09 01:15:55] [INFO] [42/64] Processing playlist: https://www.youtube.com/playlist?list=PLJeLu-keUCHaa-2msEN6Ae9s9kJeEE3kf
[2026-01-09 01:15:55] [INFO]   → Fetching from YouTube: playlist PLJeLu-keUCHaa-2msEN6Ae9s9kJeEE3kf...
[2026-01-09 01:16:38] [INFO]   ✓ Success: PLJeLu-keUCHaa-2msEN6Ae9s9kJeEE3kf - "Start Here - Beginner Cheeses!" (18 videos)
[2026-01-09 01:16:38] [INFO]   ⏸  Sleeping 4.7s to avoid rate limiting...
[2026-01-09 01:16:43] [INFO] [43/64] Processing playlist: https://www.youtube.com/playlist?list=PLUh91k-thYD8xGOUPBFoXVafGkQLCxfRh
[2026-01-09 01:16:43] [INFO]   → Fetching from YouTube: playlist PLUh91k-thYD8xGOUPBFoXVafGkQLCxfRh...
[2026-01-09 01:17:14] [INFO]   ✓ Success: PLUh91k-thYD8xGOUPBFoXVafGkQLCxfRh - "how to..." (12 videos)
[2026-01-09 01:17:14] [INFO]   ⏸  Sleeping 3.9s to avoid rate limiting...
[2026-01-09 01:17:18] [INFO] [44/64] Processing playlist: https://www.youtube.com/playlist?list=PLsuW8F_XfsBdaOc0qvSpd3kKG3yqMDlXh
[2026-01-09 01:17:18] [INFO]   → Fetching from YouTube: playlist PLsuW8F_XfsBdaOc0qvSpd3kKG3yqMDlXh...
[2026-01-09 01:18:18] [INFO]   ✓ Success: PLsuW8F_XfsBdaOc0qvSpd3kKG3yqMDlXh - "Pastry 101 (the basics)" (25 videos)
[2026-01-09 01:18:18] [INFO]   ⏸  Sleeping 4.2s to avoid rate limiting...
[2026-01-09 01:18:22] [INFO] [45/64] Processing playlist: https://www.youtube.com/playlist?list=PL5E1h0wvWXpp3EWm8RjDyp9wFTzLuv-JV
[2026-01-09 01:18:22] [INFO]   ✓ Using cached data for playlist PL5E1h0wvWXpp3EWm8RjDyp9wFTzLuv-JV (17 videos)
[2026-01-09 01:18:22] [INFO]   ⏸  Sleeping 2.6s to avoid rate limiting...
[2026-01-09 01:18:25] [INFO] [46/64] Processing playlist: https://www.youtube.com/playlist?list=PL4SyxtW2xdq0pkSg4wToTRp96VYP1ZOSo
[2026-01-09 01:18:25] [INFO]   → Fetching from YouTube: playlist PL4SyxtW2xdq0pkSg4wToTRp96VYP1ZOSo...
[2026-01-09 01:19:17] [INFO]   ✓ Success: PL4SyxtW2xdq0pkSg4wToTRp96VYP1ZOSo - "my recipe collection" (23 videos)
[2026-01-09 01:19:17] [INFO]   ⏸  Sleeping 4.0s to avoid rate limiting...
[2026-01-09 01:19:21] [INFO] [47/64] Processing playlist: https://www.youtube.com/playlist?list=PLr0nckv6sftkZ6Fj6LPWDyRNNf73Ck8gH
[2026-01-09 01:19:21] [INFO]   → Fetching from YouTube: playlist PLr0nckv6sftkZ6Fj6LPWDyRNNf73Ck8gH...
[2026-01-09 01:22:49] [INFO]   ✓ Success: PLr0nckv6sftkZ6Fj6LPWDyRNNf73Ck8gH - "Food Lessons" (88 videos)
[2026-01-09 01:22:49] [INFO]   ⏸  Sleeping 2.7s to avoid rate limiting...
[2026-01-09 01:22:52] [INFO] [48/64] Processing playlist: https://www.youtube.com/playlist?list=PLWKLqE-7K4-bTGxXkLGL0MinF6fJmDB-s
[2026-01-09 01:22:52] [INFO]   → Fetching from YouTube: playlist PLWKLqE-7K4-bTGxXkLGL0MinF6fJmDB-s...
[2026-01-09 01:23:48] [INFO]   ✓ Success: PLWKLqE-7K4-bTGxXkLGL0MinF6fJmDB-s - "RISO/RICE" (24 videos)
[2026-01-09 01:23:48] [INFO]   ⏸  Sleeping 3.3s to avoid rate limiting...
[2026-01-09 01:23:51] [INFO] [49/64] Processing playlist: https://www.youtube.com/playlist?list=PL_scpUcsnla3J_QVB_OZXm1oFeipI8bEc
[2026-01-09 01:23:51] [INFO]   → Fetching from YouTube: playlist PL_scpUcsnla3J_QVB_OZXm1oFeipI8bEc...
[2026-01-09 01:24:57] [INFO]   ✓ Success: PL_scpUcsnla3J_QVB_OZXm1oFeipI8bEc - "Chinese Cooking" (30 videos)
[2026-01-09 01:24:57] [INFO]   ⏸  Sleeping 4.5s to avoid rate limiting...
[2026-01-09 01:25:01] [INFO] [50/64] Processing playlist: https://www.youtube.com/playlist?list=PL3MEQRk5NcpeJ-5JlI-HafJ_wpPjFgSyh
[2026-01-09 01:25:01] [INFO]   → Fetching from YouTube: playlist PL3MEQRk5NcpeJ-5JlI-HafJ_wpPjFgSyh...
[2026-01-09 01:26:02] [INFO]   ✓ Success: PL3MEQRk5NcpeJ-5JlI-HafJ_wpPjFgSyh - "Simple and Frequent" (28 videos)
[2026-01-09 01:26:02] [INFO]   ⏸  Sleeping 3.0s to avoid rate limiting...
[2026-01-09 01:26:05] [INFO] [51/64] Processing playlist: https://www.youtube.com/playlist?list=PLyIVzbHD-NzKYISzBZLCQgyprjeltqLU9
[2026-01-09 01:26:05] [INFO]   → Fetching from YouTube: playlist PLyIVzbHD-NzKYISzBZLCQgyprjeltqLU9...
[2026-01-09 01:26:46] [INFO]   ✓ Success: PLyIVzbHD-NzKYISzBZLCQgyprjeltqLU9 - "Japanese Food 和食・洋食" (15 videos)
[2026-01-09 01:26:46] [INFO]   ⏸  Sleeping 2.3s to avoid rate limiting...
[2026-01-09 01:26:48] [INFO] [52/64] Processing playlist: https://www.youtube.com/playlist?list=PLGxKDLvTg19fs6DYOnSA4rKZ870PKPuA4
[2026-01-09 01:26:48] [INFO]   → Fetching from YouTube: playlist PLGxKDLvTg19fs6DYOnSA4rKZ870PKPuA4...
[2026-01-09 01:27:16] [INFO]   ✓ Success: PLGxKDLvTg19fs6DYOnSA4rKZ870PKPuA4 - "Pasta & Sauces 🍝" (11 videos)
[2026-01-09 01:27:16] [INFO]   ⏸  Sleeping 2.5s to avoid rate limiting...
[2026-01-09 01:27:19] [INFO] [53/64] Processing playlist: https://www.youtube.com/playlist?list=PLz2hPLGgsRQX7Ly0XoENdSoljKS6x1RcG
[2026-01-09 01:27:19] [INFO]   → Fetching from YouTube: playlist PLz2hPLGgsRQX7Ly0XoENdSoljKS6x1RcG...
[2026-01-09 01:27:55] [INFO]   ✓ Success: PLz2hPLGgsRQX7Ly0XoENdSoljKS6x1RcG - "Budget Cooking For Students" (16 videos)
[2026-01-09 01:27:55] [INFO]   ⏸  Sleeping 3.2s to avoid rate limiting...
[2026-01-09 01:27:58] [INFO] [54/64] Processing playlist: https://www.youtube.com/playlist?list=PLt_lOWx8jR_P4L_qLI-LznchB-ENA8kFh
[2026-01-09 01:27:58] [INFO]   → Fetching from YouTube: playlist PLt_lOWx8jR_P4L_qLI-LznchB-ENA8kFh...
[2026-01-09 01:28:36] [INFO]   ✓ Success: PLt_lOWx8jR_P4L_qLI-LznchB-ENA8kFh - "Meal Prep Series 👇" (14 videos)
[2026-01-09 01:28:36] [INFO]   ⏸  Sleeping 3.9s to avoid rate limiting...
[2026-01-09 01:28:40] [INFO] [55/64] Processing playlist: https://www.youtube.com/playlist?list=PLw6_3mgXV_T6KSGc9V4jukK05Yg0nK9Fp
[2026-01-09 01:28:40] [INFO]   → Fetching from YouTube: playlist PLw6_3mgXV_T6KSGc9V4jukK05Yg0nK9Fp...
[2026-01-09 01:29:32] [INFO]   ✓ Success: PLw6_3mgXV_T6KSGc9V4jukK05Yg0nK9Fp - "How To" (20 videos)
[2026-01-09 01:29:32] [INFO]   ⏸  Sleeping 2.4s to avoid rate limiting...
[2026-01-09 01:29:35] [INFO] [56/64] Processing playlist: https://www.youtube.com/playlist?list=PLvd5bo3J-_kqCeo5YOrBndJ2hQvBOSaQI
[2026-01-09 01:29:35] [INFO]   → Fetching from YouTube: playlist PLvd5bo3J-_kqCeo5YOrBndJ2hQvBOSaQI...
[2026-01-09 01:30:44] [INFO]   ✓ Success: PLvd5bo3J-_kqCeo5YOrBndJ2hQvBOSaQI - "Most Popular Recipes | Made With Lau" (26 videos)
[2026-01-09 01:30:44] [INFO]   ⏸  Sleeping 4.8s to avoid rate limiting...
[2026-01-09 01:30:49] [INFO] [57/64] Processing playlist: https://www.youtube.com/playlist?list=PLGeyO1LSN8d15uXephs0u827BqqkP9hoz
[2026-01-09 01:30:49] [INFO]   → Fetching from YouTube: playlist PLGeyO1LSN8d15uXephs0u827BqqkP9hoz...
[2026-01-09 01:31:21] [INFO]   ✓ Success: PLGeyO1LSN8d15uXephs0u827BqqkP9hoz - "Cooking with Max La Manna" (15 videos)
[2026-01-09 01:31:21] [INFO]   ⏸  Sleeping 2.8s to avoid rate limiting...
[2026-01-09 01:31:24] [INFO] [58/64] Processing playlist: https://www.youtube.com/playlist?list=PLUTQTi4nQLUKzJyQmhBgjtx5_zdfsvY6q
[2026-01-09 01:31:24] [INFO]   → Fetching from YouTube: playlist PLUTQTi4nQLUKzJyQmhBgjtx5_zdfsvY6q...
[2026-01-09 01:31:55] [INFO]   ✓ Success: PLUTQTi4nQLUKzJyQmhBgjtx5_zdfsvY6q - "Appetizers" (12 videos)
[2026-01-09 01:31:55] [INFO]   ⏸  Sleeping 4.3s to avoid rate limiting...
[2026-01-09 01:31:59] [INFO] [59/64] Processing playlist: https://www.youtube.com/playlist?list=PLYf8N48FBFEMNs1M9GiizL79Ch9qJGI-r
[2026-01-09 01:31:59] [INFO]   → Fetching from YouTube: playlist PLYf8N48FBFEMNs1M9GiizL79Ch9qJGI-r...
[2026-01-09 01:32:54] [INFO]   ✓ Success: PLYf8N48FBFEMNs1M9GiizL79Ch9qJGI-r - "Quick and easy dinners" (25 videos)
[2026-01-09 01:32:54] [INFO]   ⏸  Sleeping 4.7s to avoid rate limiting...
[2026-01-09 01:32:59] [INFO] [60/64] Processing playlist: https://www.youtube.com/playlist?list=PLA4k_45WH2O1NRC5YLvxysLicHgO_cxnM
[2026-01-09 01:32:59] [INFO]   ✓ Using cached data for playlist PLA4k_45WH2O1NRC5YLvxysLicHgO_cxnM (1 videos)
[2026-01-09 01:32:59] [INFO]   ⏸  Sleeping 2.5s to avoid rate limiting...
[2026-01-09 01:33:01] [INFO] [61/64] Processing playlist: https://www.youtube.com/playlist?list=PLyg91lY5j03Ictv0l_i8_1AGmog3JlWi5
[2026-01-09 01:33:01] [INFO]   → Fetching from YouTube: playlist PLyg91lY5j03Ictv0l_i8_1AGmog3JlWi5...
[2026-01-09 01:38:24] [INFO]   ✓ Success: PLyg91lY5j03Ictv0l_i8_1AGmog3JlWi5 - "RECIPES" (139 videos)
[2026-01-09 01:38:24] [INFO]   ⏸  Sleeping 4.0s to avoid rate limiting...
[2026-01-09 01:38:28] [INFO] [62/64] Processing playlist: https://www.youtube.com/playlist?list=PLr3Usy7IUKBAEjeUDozCHET5YpY3GOElx
[2026-01-09 01:38:28] [INFO]   → Fetching from YouTube: playlist PLr3Usy7IUKBAEjeUDozCHET5YpY3GOElx...
[2026-01-09 01:39:07] [INFO]   ✓ Success: PLr3Usy7IUKBAEjeUDozCHET5YpY3GOElx - "Taiwanese Home Cooking" (14 videos)
[2026-01-09 01:39:07] [INFO]   ⏸  Sleeping 2.1s to avoid rate limiting...
[2026-01-09 01:39:09] [INFO] [63/64] Processing playlist: https://www.youtube.com/playlist?list=PLo3QpFeM5ioocPAoJT4kM_3xTyBa44zkb
[2026-01-09 01:39:09] [INFO]   → Fetching from YouTube: playlist PLo3QpFeM5ioocPAoJT4kM_3xTyBa44zkb...
[2026-01-09 01:39:41] [INFO]   ✓ Success: PLo3QpFeM5ioocPAoJT4kM_3xTyBa44zkb - "Dinners In Under 30 Minutes" (10 videos)
[2026-01-09 01:39:41] [INFO]   ⏸  Sleeping 4.4s to avoid rate limiting...
[2026-01-09 01:39:46] [INFO] [64/64] Processing playlist: https://www.youtube.com/playlist?list=PLKIQpAJ-r5QYIaERzBQ7BaCGrrQMofH0T
[2026-01-09 01:39:46] [INFO]   → Fetching from YouTube: playlist PLKIQpAJ-r5QYIaERzBQ7BaCGrrQMofH0T...
[2026-01-09 01:44:23] [INFO]   ✓ Success: PLKIQpAJ-r5QYIaERzBQ7BaCGrrQMofH0T - "Cooking videos" (120 videos)
[2026-01-09 01:44:23] [INFO] 
[2026-01-09 01:44:23] [INFO] ============================================================
[2026-01-09 01:44:23] [INFO] PHASE 3: Building Structured Output
[2026-01-09 01:44:23] [INFO] ============================================================
[2026-01-09 01:44:23] [INFO]   Processing 85 videos from playlist PLz3-p2q6vFYWzmnkvjYWF3vnxckIRNYEH...
[2026-01-09 01:46:44] [INFO]   Processing 6 videos from playlist PLz3-p2q6vFYVmozlsVcX7egMe1Co9aiG0...
[2026-01-09 01:46:51] [INFO]   Processing 53 videos from playlist PLXonhhg5tUSJuH6YK5UNOoT_I8TC5Sx_h...
[2026-01-09 01:47:51] [INFO]   Processing 64 videos from playlist PLuNV04yfCmf_1DzUO7MMlQmxhvCvNIjpw...
[2026-01-09 01:48:54] [INFO]   Processing 50 videos from playlist PL-tYKWQOe4YNhiOsZjaf2K_XgqMkeJiQy...
[2026-01-09 01:49:37] [INFO]   Processing 14 videos from playlist PL-tYKWQOe4YPD-3_PD8u5impmhWj6jrNs...
[2026-01-09 01:49:47] [INFO]   Processing 122 videos from playlist PLnbzopdwFrnbt5uZx46gvyskyu41z7hlQ...
[2026-01-09 01:51:34] [INFO]   Processing 125 videos from playlist PLnbzopdwFrnZc-UgGYETAQair7VzS7_Z8...
[2026-01-09 01:53:23] [INFO]   Processing 59 videos from playlist PL4WiRZw8bmXt9q1_5MhZWqfhIdFg3eINH...
[2026-01-09 01:54:17] [INFO]   Processing 31 videos from playlist PLopY4n17t8RBbvz-Z1XmMIHohNn7oTeRj...
[2026-01-09 01:54:50] [INFO]   Processing 16 videos from playlist PLopY4n17t8RD-xx0UdVqemiSa0sRfyX19...
[2026-01-09 01:55:07] [INFO]   Processing 31 videos from playlist PLopY4n17t8RA8Ex9gJC4gLHA0YkOEdZ-b...
[2026-01-09 01:55:46] [INFO]   Processing 14 videos from playlist PLiP3qHye95hJXGfkzYfqHNr7YP2HdmFji...
[2026-01-09 01:56:02] [INFO]   Processing 56 videos from playlist PL27g6IEJHIt6YXbrhRuDlkr9zzIukEhyw...
[2026-01-09 01:57:10] [INFO]   Processing 19 videos from playlist PLW3uUMYCug-92wsdBkIuPaxRj2Ftj7qCo...
[2026-01-09 01:57:26] [INFO]   Processing 12 videos from playlist PLURsDaOr8hWX1T2WSXhPwL110La-GxjYY...
[2026-01-09 01:57:36] [INFO]   Processing 4 videos from playlist PLURsDaOr8hWUl0Kli7wG74qhtIXGTHHhZ...
[2026-01-09 01:57:39] [INFO]   Processing 9 videos from playlist PLURsDaOr8hWWt59j2IJlPADnmU6SS-tEk...
[2026-01-09 01:57:47] [INFO]   Processing 36 videos from playlist PLT4OnqcBgyE9Yv7slz_Kg9hU8adWuYaCz...
[2026-01-09 01:58:13] [INFO]   Processing 36 videos from playlist PLSL8Njz6ML7AqqhKWCaDVL43aM_ABr6YU...
[2026-01-09 01:58:40] [INFO]   Processing 18 videos from playlist PLtKhTy-t6gAgJ68_kv7O2GOYM_ZrfRGVI...
[2026-01-09 01:58:56] [INFO]   Processing 8 videos from playlist PLdGX7ca5nf2xx-nx3MX6A7tFG5hYuHsF9...
[2026-01-09 01:59:02] [INFO]   Processing 9 videos from playlist PLKtIunYVkv_RfNmjLUZmnhtfypjTKI2QV...
[2026-01-09 01:59:10] [INFO]   Processing 49 videos from playlist PLKtIunYVkv_SdmU4BQP6-kprFmko3vdr1...
[2026-01-09 01:59:51] [INFO]   Processing 19 videos from playlist PL_f8scwrXT8t1Loa0yYWRejNb2JWJxOnb...
[2026-01-09 02:00:07] [INFO]   Processing 31 videos from playlist PL_f8scwrXT8ut7l5Pu8x-YbWsLGo1uWsx...
[2026-01-09 02:00:34] [INFO]   Processing 36 videos from playlist PL_f8scwrXT8s4xDGNGLKbSPd2AF6p__HU...
[2026-01-09 02:01:06] [INFO]   Processing 72 videos from playlist PLJ97q0PY0sXIsruFWikQ6gKmtFHHviKa8...
[2026-01-09 02:02:06] [INFO]   Processing 63 videos from playlist PLJ97q0PY0sXJRd6dIwL3PSFGcuUjIubze...
[2026-01-09 02:03:02] [INFO]   Processing 9 videos from playlist PLnujfCpADfgfyYRp4Jksr3wNoqyrypKug...
[2026-01-09 02:03:10] [INFO]   Processing 23 videos from playlist PLnujfCpADfgepMC4L4foc3ejkMIZNdw4C...
[2026-01-09 02:03:32] [INFO]   Processing 10 videos from playlist PLny_wEI6iwNepU6GUWbxTVQv10erdzu38...
[2026-01-09 02:03:43] [INFO]   Processing 27 videos from playlist PLny_wEI6iwNcO1sA_HJz1nX34aLcap-a9...
[2026-01-09 02:04:10] [INFO]   Processing 32 videos from playlist PLwkM1QxaP343snKhk9XwJ3luHrEfYW5_z...
[2026-01-09 02:05:25] [INFO]   Processing 14 videos from playlist PLIDg5kgCr25pXjvEJmr2z8x7OSQcFsfRr...
[2026-01-09 02:06:18] [INFO]   Processing 104 videos from playlist PLJUJUu14xBI7Oq1SVTk0YPbF5YfdrXK6j...
[2026-01-09 02:14:03] [INFO]   Processing 104 videos from playlist PLVe6l8TfKaVyiynOU0J5A4hMTyhHYrpWO...
[2026-01-09 02:19:03] [INFO]   Processing 33 videos from playlist PLrnJPSRo4jRjNlyjVZiS4SPT0CQkPQb0O...
[2026-01-09 02:20:16] [INFO]   Processing 75 videos from playlist PLhZqgyAjcCYVcVXtPNDcXXE-Wy3rbqmom...
[2026-01-09 02:23:24] [INFO]   Processing 21 videos from playlist PLjxA4hnZ1E3pnweOrKW0oKAgaoM4w6rYT...
[2026-01-09 02:24:08] [INFO]   Processing 78 videos from playlist PLuA0obhVH6CdZbtbrpaY3jkbn0E1JD2E3...
[2026-01-09 02:27:39] [INFO]   Processing 18 videos from playlist PLJeLu-keUCHaa-2msEN6Ae9s9kJeEE3kf...
[2026-01-09 02:28:24] [INFO]   Processing 12 videos from playlist PLUh91k-thYD8xGOUPBFoXVafGkQLCxfRh...
[2026-01-09 02:28:55] [INFO]   Processing 25 videos from playlist PLsuW8F_XfsBdaOc0qvSpd3kKG3yqMDlXh...
[2026-01-09 02:30:01] [INFO]   Processing 17 videos from playlist PL5E1h0wvWXpp3EWm8RjDyp9wFTzLuv-JV...
[2026-01-09 02:30:41] [INFO]   Processing 23 videos from playlist PL4SyxtW2xdq0pkSg4wToTRp96VYP1ZOSo...
[2026-01-09 02:31:36] [INFO]   Processing 88 videos from playlist PLr0nckv6sftkZ6Fj6LPWDyRNNf73Ck8gH...
[2026-01-09 02:35:26] [INFO]   Processing 24 videos from playlist PLWKLqE-7K4-bTGxXkLGL0MinF6fJmDB-s...
[2026-01-09 02:36:37] [INFO]   Processing 30 videos from playlist PL_scpUcsnla3J_QVB_OZXm1oFeipI8bEc...
[2026-01-09 02:38:01] [INFO]   Processing 28 videos from playlist PL3MEQRk5NcpeJ-5JlI-HafJ_wpPjFgSyh...
[2026-01-09 02:39:18] [INFO]   Processing 15 videos from playlist PLyIVzbHD-NzKYISzBZLCQgyprjeltqLU9...
[2026-01-09 02:39:59] [INFO]   Processing 11 videos from playlist PLGxKDLvTg19fs6DYOnSA4rKZ870PKPuA4...
[2026-01-09 02:40:26] [INFO]   Processing 16 videos from playlist PLz2hPLGgsRQX7Ly0XoENdSoljKS6x1RcG...
[2026-01-09 02:41:01] [INFO]   Processing 14 videos from playlist PLt_lOWx8jR_P4L_qLI-LznchB-ENA8kFh...
[2026-01-09 02:41:39] [INFO]   Processing 20 videos from playlist PLw6_3mgXV_T6KSGc9V4jukK05Yg0nK9Fp...
[2026-01-09 02:42:33] [INFO]   Processing 26 videos from playlist PLvd5bo3J-_kqCeo5YOrBndJ2hQvBOSaQI...
[2026-01-09 02:43:54] [INFO]   Processing 15 videos from playlist PLGeyO1LSN8d15uXephs0u827BqqkP9hoz...
[2026-01-09 02:44:34] [INFO]   Processing 12 videos from playlist PLUTQTi4nQLUKzJyQmhBgjtx5_zdfsvY6q...
[2026-01-09 02:45:17] [INFO]   Processing 25 videos from playlist PLYf8N48FBFEMNs1M9GiizL79Ch9qJGI-r...
[2026-01-09 02:46:22] [INFO]   Processing 1 videos from playlist PLA4k_45WH2O1NRC5YLvxysLicHgO_cxnM...
[2026-01-09 02:46:24] [INFO]   Processing 139 videos from playlist PLyg91lY5j03Ictv0l_i8_1AGmog3JlWi5...
[2026-01-09 02:53:12] [INFO]   Processing 14 videos from playlist PLr3Usy7IUKBAEjeUDozCHET5YpY3GOElx...
[2026-01-09 02:53:27] [INFO]   Processing 10 videos from playlist PLo3QpFeM5ioocPAoJT4kM_3xTyBa44zkb...
[2026-01-09 02:53:36] [INFO]   Processing 120 videos from playlist PLKIQpAJ-r5QYIaERzBQ7BaCGrrQMofH0T...
[2026-01-09 02:55:13] [INFO] Writing output to /Users/hacked/Documents/GitHub/recipes/youtube/youtube_metadata.json...
[2026-01-09 02:55:13] [INFO] 
[2026-01-09 02:55:13] [INFO] ============================================================
[2026-01-09 02:55:13] [INFO] FINAL SUMMARY
[2026-01-09 02:55:13] [INFO] ============================================================
[2026-01-09 02:55:13] [INFO] Output file: /Users/hacked/Documents/GitHub/recipes/youtube/youtube_metadata.json
[2026-01-09 02:55:13] [INFO] 
[2026-01-09 02:55:13] [INFO] Channels:
[2026-01-09 02:55:13] [INFO]   Attempted: 41
[2026-01-09 02:55:13] [INFO]   Success:   3 (fetched)
[2026-01-09 02:55:13] [INFO]   Cached:    37 (reused)
[2026-01-09 02:55:13] [INFO]   Failed:    1
[2026-01-09 02:55:13] [INFO]   Total:     40
[2026-01-09 02:55:13] [INFO] 
[2026-01-09 02:55:13] [INFO] Playlists:
[2026-01-09 02:55:13] [INFO]   Attempted: 64
[2026-01-09 02:55:13] [INFO]   Success:   57 (fetched)
[2026-01-09 02:55:13] [INFO]   Cached:    7 (reused)
[2026-01-09 02:55:13] [INFO]   Failed:    0
[2026-01-09 02:55:13] [INFO]   Total:     64
[2026-01-09 02:55:13] [INFO] 
[2026-01-09 02:55:13] [INFO] Videos:      2348 (2348 metadata requests)
[2026-01-09 02:55:13] [INFO] 
[2026-01-09 02:55:13] [INFO] ============================================================
[2026-01-09 02:55:13] [INFO] ERRORS (1 total)
[2026-01-09 02:55:13] [INFO] ============================================================
[2026-01-09 02:55:13] [ERROR]   channel: https://www.youtube.com/@owen
[2026-01-09 02:55:13] [ERROR]     → ERROR: [youtube:tab] @owen: This channel does not have a videos tab
[2026-01-09 02:55:13] [INFO] 
[2026-01-09 02:55:13] [INFO] ============================================================
[2026-01-09 02:55:13] [INFO] Extraction completed at 2026-01-09 02:55:13.770434
[2026-01-09 02:55:13] [INFO] Full log saved to: /Users/hacked/Documents/GitHub/recipes/youtube/youtube_metadata.log
[2026-01-09 02:55:13] [INFO] ============================================================
